<?xml version="1.0" encoding="UTF-8"?>
<!-- Generated by org.testng.reporters.JUnitXMLReporter -->
<testsuite hostname="LAPTOP-QMQ0VG44" ignored="0" name="Test" tests="3" failures="0" timestamp="16 Sep 2020 06:36:12 GMT" time="0.527" errors="0">
  <testcase name="@BeforeClass beforeClass" time="0.463" classname="extentreport_demo.DemoTestCase">
    <failure type="java.lang.IllegalStateException" message="The path to the driver executable must be set by the webdriver.chrome.driver system property; for more information, see https://github.com/SeleniumHQ/selenium/wiki/ChromeDriver. The latest version can be downloaded from http://chromedriver.storage.googleapis.com/index.html">
      <![CDATA[java.lang.IllegalStateException: The path to the driver executable must be set by the webdriver.chrome.driver system property; for more information, see https://github.com/SeleniumHQ/selenium/wiki/ChromeDriver. The latest version can be downloaded from http://chromedriver.storage.googleapis.com/index.html
at com.google.common.base.Preconditions.checkState(Preconditions.java:754)
at org.openqa.selenium.remote.service.DriverService.findExecutable(DriverService.java:124)
at org.openqa.selenium.chrome.ChromeDriverService.access$000(ChromeDriverService.java:32)
at org.openqa.selenium.chrome.ChromeDriverService$Builder.findDefaultExecutable(ChromeDriverService.java:137)
at org.openqa.selenium.remote.service.DriverService$Builder.build(DriverService.java:339)
at org.openqa.selenium.chrome.ChromeDriverService.createDefaultService(ChromeDriverService.java:88)
at org.openqa.selenium.chrome.ChromeDriver.<init>(ChromeDriver.java:123)
at extentreport_demo.DemoTestCase.beforeClass(DemoTestCase.java:47)
... Removed 26 stack frames]]>
    </failure>
  </testcase> <!-- @BeforeClass beforeClass -->
  <testcase name="@AfterMethod afterMethod" time="0.0" classname="extentreport_demo.DemoTestCase">
    <skipped/>
  </testcase> <!-- @AfterMethod afterMethod -->
  <testcase name="@AfterMethod afterMethod" time="0.0" classname="extentreport_demo.DemoTestCase">
    <skipped/>
  </testcase> <!-- @AfterMethod afterMethod -->
  <testcase name="@AfterMethod afterMethod" time="0.0" classname="extentreport_demo.DemoTestCase">
    <skipped/>
  </testcase> <!-- @AfterMethod afterMethod -->
  <testcase name="@AfterClass afterClass" time="0.0" classname="extentreport_demo.DemoTestCase">
    <skipped/>
  </testcase> <!-- @AfterClass afterClass -->
  <testcase name="testFail" time="0.0" classname="extentreport_demo.DemoTestCase">
    <skipped/>
  </testcase> <!-- testFail -->
  <testcase name="testPass" time="0.0" classname="extentreport_demo.DemoTestCase">
    <skipped/>
  </testcase> <!-- testPass -->
  <testcase name="testSkip" time="0.0" classname="extentreport_demo.DemoTestCase">
    <skipped/>
  </testcase> <!-- testSkip -->
</testsuite> <!-- Test -->
